2024-11-29 16:30:41,330 INFO o.a.j.u.JMeterUtils: Setting Locale to en_EN
2024-11-29 16:30:41,342 INFO o.a.j.JMeter: Loading user properties from: /opt/homebrew/Cellar/jmeter/5.6.3/libexec/bin/user.properties
2024-11-29 16:30:41,342 INFO o.a.j.JMeter: Loading system properties from: /opt/homebrew/Cellar/jmeter/5.6.3/libexec/bin/system.properties
2024-11-29 16:30:41,345 INFO o.a.j.JMeter: Copyright (c) 1998-2024 The Apache Software Foundation
2024-11-29 16:30:41,345 INFO o.a.j.JMeter: Version 5.6.3
2024-11-29 16:30:41,345 INFO o.a.j.JMeter: java.version=21.0.5
2024-11-29 16:30:41,345 INFO o.a.j.JMeter: java.vm.name=OpenJDK 64-Bit Server VM
2024-11-29 16:30:41,345 INFO o.a.j.JMeter: os.name=Mac OS X
2024-11-29 16:30:41,345 INFO o.a.j.JMeter: os.arch=aarch64
2024-11-29 16:30:41,345 INFO o.a.j.JMeter: os.version=15.1.1
2024-11-29 16:30:41,345 INFO o.a.j.JMeter: file.encoding=UTF-8
2024-11-29 16:30:41,345 INFO o.a.j.JMeter: java.awt.headless=null
2024-11-29 16:30:41,345 INFO o.a.j.JMeter: Max memory     =1073741824
2024-11-29 16:30:41,345 INFO o.a.j.JMeter: Available Processors =10
2024-11-29 16:30:41,350 INFO o.a.j.JMeter: Default Locale=English (EN)
2024-11-29 16:30:41,350 INFO o.a.j.JMeter: JMeter  Locale=English (EN)
2024-11-29 16:30:41,350 INFO o.a.j.JMeter: JMeterHome=/opt/homebrew/Cellar/jmeter/5.6.3/libexec
2024-11-29 16:30:41,350 INFO o.a.j.JMeter: user.dir  =/Users/decafmango/Desktop/lab_1
2024-11-29 16:30:41,351 INFO o.a.j.JMeter: PWD       =/Users/decafmango/Desktop/lab_1
2024-11-29 16:30:41,357 INFO o.a.j.JMeter: IP: 192.168.50.173 Name: MacBookPro FullName: macbookpro
2024-11-29 16:30:41,364 INFO o.a.j.JMeter: Loaded icon properties from org/apache/jmeter/images/icon.properties
2024-11-29 16:30:42,208 INFO o.a.j.JMeterGuiLauncher: Setting LAF to: com.github.weisj.darklaf.DarkLaf:com.github.weisj.darklaf.theme.DarculaTheme
2024-11-29 16:30:42,967 INFO o.a.j.r.ClassFinder: Will scan jar /opt/homebrew/Cellar/jmeter/5.6.3/libexec/lib/ext/jmeter-plugins-manager-1.9.jar with filter ExtendsClassFilter [parents=[interface org.apache.jmeter.gui.action.Command], inner=false, contains=null, notContains=null]. Consider exposing JMeter plugins via META-INF/services, and add JMeter-Skip-Class-Scanning=true manifest attribute so JMeter can skip classfile scanning
